g:\faculty of computer and information science\datastructures\datastructures\x64\debug\vc143.pdb
g:\faculty of computer and information science\datastructures\datastructures\x64\debug\vc143.idb
g:\faculty of computer and information science\datastructures\datastructures\x64\debug\source.obj
g:\faculty of computer and information science\datastructures\datastructures\x64\debug\set.obj
g:\faculty of computer and information science\datastructures\datastructures\x64\debug\rbt.obj
g:\faculty of computer and information science\datastructures\datastructures\x64\debug\polynomial.obj
g:\faculty of computer and information science\datastructures\datastructures\x64\debug\list.obj
g:\faculty of computer and information science\datastructures\datastructures\x64\debug\heap.obj
g:\faculty of computer and information science\datastructures\datastructures\x64\debug\bst.obj
g:\faculty of computer and information science\datastructures\datastructures\x64\debug\binarytree.obj
g:\faculty of computer and information science\datastructures\datastructures\x64\debug\avltree.obj
g:\faculty of computer and information science\datastructures\datastructures\x64\debug\array.obj
g:\faculty of computer and information science\datastructures\x64\debug\datastructures.exe
g:\faculty of computer and information science\datastructures\datastructures\x64\debug\datastructures.ilk
g:\faculty of computer and information science\datastructures\x64\debug\datastructures.pdb
g:\faculty of computer and information science\datastructures\datastructures\x64\debug\datastructures.tlog\cl.command.1.tlog
g:\faculty of computer and information science\datastructures\datastructures\x64\debug\datastructures.tlog\cl.read.1.tlog
g:\faculty of computer and information science\datastructures\datastructures\x64\debug\datastructures.tlog\cl.write.1.tlog
g:\faculty of computer and information science\datastructures\datastructures\x64\debug\datastructures.tlog\link.command.1.tlog
g:\faculty of computer and information science\datastructures\datastructures\x64\debug\datastructures.tlog\link.read.1.tlog
g:\faculty of computer and information science\datastructures\datastructures\x64\debug\datastructures.tlog\link.write.1.tlog
